<?xml version="1.0" encoding="UTF-8"?>
<!-- Generated by org.testng.reporters.JUnitXMLReporter -->
<testsuite ignored="0" hostname="xiaohe0128" failures="3" tests="10" name="Surefire test" time="1.63" errors="0" timestamp="24 9月 2024 11:57:38 GMT">
  <testcase classname="com.autotest.testcase.Integrationtest.UserModuleTest" name="login" time="0.687"/>
  <testcase classname="com.autotest.testcase.Integrationtest.UserModuleTest" name="adduser" time="0.292"/>
  <testcase classname="com.autotest.testcase.Integrationtest.UserModuleTest" name="deleteuser" time="0.027"/>
  <testcase classname="com.autotest.testcase.Integrationtest.UserModuleTest" name="updateuser" time="0.029"/>
  <testcase classname="com.autotest.testcase.Integrationtest.UserModuleTest" name="upload" time="0.02"/>
  <testcase classname="com.autotest.testcase.Integrationtest.UserModuleTest" name="userinfo" time="0.364"/>
  <testcase classname="com.autotest.testcase.unittest.LoginApiTest" name="login" time="0.024"/>
  <testcase classname="com.autotest.testcase.unittest.LoginApiTest" name="login" time="0.022">
    <failure type="java.lang.reflect.InvocationTargetException">
      <![CDATA[java.lang.reflect.InvocationTargetException
	at com.autotest.testcase.unittest.LoginApiTest.login(LoginApiTest.java:55)
Caused by: java.lang.Exception: Failed : HTTP error code : 400
	at com.autotest.utils.RequestMethod.Post(RequestMethod.java:107)
	... 35 more
... Removed 34 stack frames]]>
    </failure>
  </testcase> <!-- login -->
  <testcase classname="com.autotest.testcase.unittest.LoginApiTest" name="login" time="0.017">
    <failure type="java.lang.reflect.InvocationTargetException">
      <![CDATA[java.lang.reflect.InvocationTargetException
	at com.autotest.testcase.unittest.LoginApiTest.login(LoginApiTest.java:55)
Caused by: java.lang.Exception: Failed : HTTP error code : 400
	at com.autotest.utils.RequestMethod.Post(RequestMethod.java:107)
	... 35 more
... Removed 34 stack frames]]>
    </failure>
  </testcase> <!-- login -->
  <testcase classname="com.autotest.testcase.unittest.LoginApiTest" name="login" time="0.018">
    <failure type="java.lang.reflect.InvocationTargetException">
      <![CDATA[java.lang.reflect.InvocationTargetException
	at com.autotest.testcase.unittest.LoginApiTest.login(LoginApiTest.java:55)
Caused by: java.lang.Exception: Failed : HTTP error code : 400
	at com.autotest.utils.RequestMethod.Post(RequestMethod.java:107)
	... 35 more
... Removed 34 stack frames]]>
    </failure>
  </testcase> <!-- login -->
</testsuite> <!-- Surefire test -->
