<?xml version="1.0" encoding="UTF-8"?>
<!-- Generated by org.testng.reporters.JUnitReportReporter -->
<testsuite ignored="0" hostname="xiaohe0128" failures="0" tests="6" name="com.autotest.testcase.Integrationtest.UserModuleTest" time="1.419" errors="0" timestamp="24 9月 2024 11:57:38 GMT" skipped="0">
  <testcase classname="com.autotest.testcase.Integrationtest.UserModuleTest" name="login" time="0.687"/>
  <testcase classname="com.autotest.testcase.Integrationtest.UserModuleTest" name="adduser" time="0.292"/>
  <testcase classname="com.autotest.testcase.Integrationtest.UserModuleTest" name="deleteuser" time="0.027"/>
  <testcase classname="com.autotest.testcase.Integrationtest.UserModuleTest" name="updateuser" time="0.029"/>
  <testcase classname="com.autotest.testcase.Integrationtest.UserModuleTest" name="upload" time="0.020"/>
  <testcase classname="com.autotest.testcase.Integrationtest.UserModuleTest" name="userinfo" time="0.364"/>
</testsuite> <!-- com.autotest.testcase.Integrationtest.UserModuleTest -->
